<?xml version="1.0" encoding="UTF-8"?>
<!-- Generated by org.testng.reporters.JUnitReportReporter -->
<testsuite hostname="Siddharath" failures="0" tests="1" name="testCases.TC002LoginTest" time="1.350" errors="0" timestamp="2024-11-11T16:37:47 IST" skipped="0">
  <testcase classname="testCases.TC002LoginTest" name="verifyLogin" time="1.350"/>
</testsuite> <!-- testCases.TC002LoginTest -->
