<?xml version="1.0" encoding="UTF-8"?>
<!-- Generated by org.testng.reporters.JUnitReportReporter -->
<testsuite hostname="Siddharath" failures="0" tests="1" name="testCases.TC001_AccountRegistrationTest" time="1.823" errors="0" timestamp="2024-11-11T14:16:53 IST" skipped="0">
  <testcase classname="testCases.TC001_AccountRegistrationTest" name="Register" time="1.823"/>
</testsuite> <!-- testCases.TC001_AccountRegistrationTest -->
